Copyright 1986-2022 Xilinx, Inc. All Rights Reserved.
------------------------------------------------------------------------------------------
| Tool Version : Vivado v.2022.2 (lin64) Build 3671981 Fri Oct 14 04:59:54 MDT 2022
| Date         : Thu Oct  3 09:46:14 2024
| Host         : egl running 64-bit Ubuntu 20.04.4 LTS
| Command      : report_utilization -slr -file slr_util_routed.rpt -pb slr_util_routed.pb
| Design       : level0_wrapper
| Device       : xcu55c-fsvh2892-2L-e
| Speed File   : -2L
| Design State : Routed
------------------------------------------------------------------------------------------

Utilization Design Information

Table of Contents
-----------------
1. SLR Connectivity
2. SLR Connectivity Matrix
3. SLR CLB Logic and Dedicated Block Utilization
4. SLR IO Utilization

1. SLR Connectivity
-------------------

+----------------------------------+-------+-------+-----------+-------+
|                                  |  Used | Fixed | Available | Util% |
+----------------------------------+-------+-------+-----------+-------+
| SLR2 <-> SLR1                    |  5099 |       |     23040 | 22.13 |
|   SLR1 -> SLR2                   |  2590 |       |           | 11.24 |
|     Using TX_REG only            |     0 |     0 |           |       |
|     Using RX_REG only            |     0 |     0 |           |       |
|     Using Both TX_REG and RX_REG |     0 |     0 |           |       |
|   SLR2 -> SLR1                   |  2509 |       |           | 10.89 |
|     Using TX_REG only            |     0 |     0 |           |       |
|     Using RX_REG only            |     0 |     0 |           |       |
|     Using Both TX_REG and RX_REG |     0 |     0 |           |       |
| SLR1 <-> SLR0                    |  5763 |       |     23040 | 25.01 |
|   SLR0 -> SLR1                   |  2893 |       |           | 12.56 |
|     Using TX_REG only            |     0 |     0 |           |       |
|     Using RX_REG only            |     0 |     0 |           |       |
|     Using Both TX_REG and RX_REG |     0 |     0 |           |       |
|   SLR1 -> SLR0                   |  2870 |       |           | 12.46 |
|     Using TX_REG only            |     0 |     0 |           |       |
|     Using RX_REG only            |     0 |     0 |           |       |
|     Using Both TX_REG and RX_REG |     0 |     0 |           |       |
+----------------------------------+-------+-------+-----------+-------+
| Total SLLs Used                  | 10862 |       |           |       |
+----------------------------------+-------+-------+-----------+-------+


2. SLR Connectivity Matrix
--------------------------

+-----------+------+------+------+
| FROM \ TO | SLR2 | SLR1 | SLR0 |
+-----------+------+------+------+
| SLR2      |    0 | 2349 |  160 |
| SLR1      | 2483 |    0 | 2710 |
| SLR0      |  107 | 2786 |    0 |
+-----------+------+------+------+


3. SLR CLB Logic and Dedicated Block Utilization
------------------------------------------------

+----------------------------+-------+-------+-------+--------+--------+--------+
|          Site Type         |  SLR0 |  SLR1 |  SLR2 | SLR0 % | SLR1 % | SLR2 % |
+----------------------------+-------+-------+-------+--------+--------+--------+
| CLB                        | 16387 | 15088 |  6521 |  29.82 |  27.94 |  12.08 |
|   CLBL                     |  8880 |  8058 |  3423 |  30.33 |  27.52 |  11.69 |
|   CLBM                     |  7507 |  7030 |  3098 |  29.23 |  28.44 |  12.53 |
| CLB LUTs                   | 71093 | 88180 | 25536 |  16.17 |  20.41 |   5.91 |
|   LUT as Logic             | 66871 | 84027 | 24011 |  15.21 |  19.45 |   5.56 |
|     using O5 output only   |  1270 |   935 |   438 |   0.29 |   0.22 |   0.10 |
|     using O6 output only   | 46702 | 60261 | 17036 |  10.62 |  13.95 |   3.94 |
|     using O5 and O6        | 18899 | 22831 |  6537 |   4.30 |   5.28 |   1.51 |
|   LUT as Memory            |  4222 |  4153 |  1525 |   2.06 |   2.10 |   0.77 |
|     LUT as Distributed RAM |  1768 |  3532 |   820 |   0.86 |   1.79 |   0.41 |
|       using O5 output only |     0 |     0 |     0 |   0.00 |   0.00 |   0.00 |
|       using O6 output only |   240 |   386 |     4 |   0.12 |   0.20 |  <0.01 |
|       using O5 and O6      |  1528 |  3146 |   816 |   0.74 |   1.59 |   0.41 |
|     LUT as Shift Register  |  2454 |   621 |   705 |   1.19 |   0.31 |   0.36 |
|       using O5 output only |     0 |     0 |     0 |   0.00 |   0.00 |   0.00 |
|       using O6 output only |  1638 |   493 |   671 |   0.80 |   0.25 |   0.34 |
|       using O5 and O6      |   816 |   128 |    34 |   0.40 |   0.06 |   0.02 |
| CLB Registers              | 80295 | 78509 | 35329 |   9.13 |   9.09 |   4.09 |
| CARRY8                     |  4031 |  4193 |   107 |   7.33 |   7.76 |   0.20 |
| F7 Muxes                   |  1495 |  1174 |   437 |   0.68 |   0.54 |   0.20 |
| F8 Muxes                   |   197 |   260 |     0 |   0.18 |   0.24 |   0.00 |
| F9 Muxes                   |     0 |     0 |     0 |   0.00 |   0.00 |   0.00 |
| Block RAM Tile             | 413.5 | 443.5 |    50 |  61.53 |  66.00 |   7.44 |
|   RAMB36/FIFO              |   408 |   441 |    50 |  60.71 |  65.63 |   7.44 |
|   RAMB18                   |    11 |     5 |     0 |   0.82 |   0.37 |   0.00 |
| URAM                       |     0 |     0 |     0 |   0.00 |   0.00 |   0.00 |
| DSPs                       |    48 |    48 |     4 |   1.67 |   1.56 |   0.13 |
| Unique Control Sets        |  2708 |  3348 |  1106 |   2.46 |   3.10 |   1.02 |
+----------------------------+-------+-------+-------+--------+--------+--------+
* Note: Available Control Sets based on CLB Registers / 8


4. SLR IO Utilization
---------------------

+-----------+-----------+---------+------------+----------+------------+----------+-----+
| SLR Index | Used IOBs | (%)IOBs | Used IPADs | (%)IPADs | Used OPADs | (%)OPADs | GTs |
+-----------+-----------+---------+------------+----------+------------+----------+-----+
| SLR2      |         0 |    0.00 |          0 |     0.00 |          0 |     0.00 |   0 |
| SLR1      |         0 |    0.00 |          0 |     0.00 |          0 |     0.00 |   0 |
| SLR0      |        12 |    5.77 |          0 |     0.00 |          0 |     0.00 |  16 |
+-----------+-----------+---------+------------+----------+------------+----------+-----+
| Total     |        12 |         |          0 |          |          0 |          |  16 |
+-----------+-----------+---------+------------+----------+------------+----------+-----+


