Copyright 1986-2022 Xilinx, Inc. All Rights Reserved.
----------------------------------------------------------------------------------------------------------------------------------------------------------------------------------------------------------------------------------------------------------------
| Tool Version : Vivado v.2022.2 (lin64) Build 3671981 Fri Oct 14 04:59:54 MDT 2022
| Date         : Thu Oct  3 08:07:15 2024
| Host         : egl running 64-bit Ubuntu 20.04.4 LTS
| Command      : report_accelerator_utilization -kernels { kernel_wrapper:level0_i/ulp/kernel_wrapper_1/inst:kernel_wrapper_1 kernel_wrapper:level0_i/ulp/kernel_wrapper_2/inst:kernel_wrapper_2} -file kernel_util_synthed.rpt -name kernel_util_synthed -json
| Design       : level0_wrapper
| Device       : xcu55c
| Design State : Synthesized
----------------------------------------------------------------------------------------------------------------------------------------------------------------------------------------------------------------------------------------------------------------

Accelerator Utilization Design Information

Table of Contents
-----------------
1. System Utilization

1. System Utilization
---------------------

+---------------------+-------------------+------------------+-------------------+----------------+---------------+----------------+
| Name                | LUT               | LUTAsMem         | REG               | BRAM           | URAM          | DSP            |
+---------------------+-------------------+------------------+-------------------+----------------+---------------+----------------+
| Platform            |  138817 [ 10.65%] |  10380 [  1.73%] |  173007 [  6.64%] |  200 [  9.92%] |   0 [  0.00%] |    4 [  0.04%] |
| User Budget         | 1164863 [100.00%] | 590580 [100.00%] | 2434353 [100.00%] | 1816 [100.00%] | 960 [100.00%] | 9020 [100.00%] |
|    Used Resources   |   61526 [  5.28%] |   1400 [  0.24%] |   25596 [  1.05%] |  706 [ 38.88%] |   0 [  0.00%] |   96 [  1.06%] |
|    Unused Resources | 1103337 [ 94.72%] | 589180 [ 99.76%] | 2408757 [ 98.95%] | 1110 [ 61.12%] | 960 [100.00%] | 8924 [ 98.94%] |
| kernel_wrapper      |   61526 [  5.28%] |   1400 [  0.24%] |   25596 [  1.05%] |  706 [ 38.88%] |   0 [  0.00%] |   96 [  1.06%] |
|    kernel_wrapper_1 |   30763 [  2.64%] |    700 [  0.12%] |   12798 [  0.53%] |  353 [ 19.44%] |   0 [  0.00%] |   48 [  0.53%] |
|    kernel_wrapper_2 |   30763 [  2.64%] |    700 [  0.12%] |   12798 [  0.53%] |  353 [ 19.44%] |   0 [  0.00%] |   48 [  0.53%] |
+---------------------+-------------------+------------------+-------------------+----------------+---------------+----------------+


